Economic0
Buy unit0
0 Buys a scout
0 Buys a scout
0 Buys a scout
0 Buys a scout
Buy unit1
1 Buys a scout
1 Buys a scout
1 Buys a scout
1 Buys a scout
Movement0
(2, 0):['Colony0[0]', 'Shipyard4[0]', 'Shipyard5[0]', 'Shipyard6[0]', 'Shipyard7[0]']
(2, 1):['Scout1[0]', 'Scout2[0]', 'Scout3[0]', 'Scout8[0]', 'Scout9[0]', 'Scout10[0]', 'Scout11[0]']
(2, 3):['Scout1[1]', 'Scout2[1]', 'Scout3[1]']
(2, 4):['Colony0[1]', 'Shipyard4[1]', 'Shipyard5[1]', 'Shipyard6[1]', 'Shipyard7[1]', 'Scout8[1]', 'Scout9[1]', 'Scout10[1]', 'Scout11[1]']
Combat0
Movement1
(2, 0):['Colony0[0]', 'Shipyard4[0]', 'Shipyard5[0]', 'Shipyard6[0]', 'Shipyard7[0]']
(2, 2):['Scout1[0]', 'Scout2[0]', 'Scout3[0]', 'Scout8[0]', 'Scout9[0]', 'Scout10[0]', 'Scout11[0]', 'Scout1[1]', 'Scout2[1]', 'Scout3[1]']
(2, 4):['Colony0[1]', 'Shipyard4[1]', 'Shipyard5[1]', 'Shipyard6[1]', 'Shipyard7[1]', 'Scout8[1]', 'Scout9[1]', 'Scout10[1]', 'Scout11[1]']
Combat1
[(1, 0), (2, 0), (3, 0), (8, 0), (9, 0), (10, 0), (11, 0), (1, 1), (2, 1), (3, 1)]
Scout1,0 VS Scout1,1 Roll:10 Threshold:3
Scout2,0 VS Scout1,1 Roll:8 Threshold:3
Scout3,0 VS Scout1,1 Roll:9 Threshold:3
Scout8,0 VS Scout1,1 Roll:5 Threshold:3
Scout9,0 VS Scout1,1 Roll:7 Threshold:3
Scout10,0 VS Scout1,1 Roll:9 Threshold:3
Scout11,0 VS Scout1,1 Roll:10 Threshold:3
Scout1,1 VS Scout1,0 Roll:2 Threshold:3
Scout hit
Scout destroyed
Scout2,1 VS Scout2,0 Roll:10 Threshold:3
Scout3,1 VS Scout2,0 Roll:7 Threshold:3
Scout2,0 VS Scout1,1 Roll:9 Threshold:3
Scout3,0 VS Scout1,1 Roll:7 Threshold:3
Scout8,0 VS Scout1,1 Roll:10 Threshold:3
Scout9,0 VS Scout1,1 Roll:2 Threshold:3
Scout hit
Scout destroyed
Scout10,0 VS Scout2,1 Roll:6 Threshold:3
Scout11,0 VS Scout2,1 Roll:1 Threshold:3
Scout hit
Scout destroyed
Scout3,1 VS Scout2,0 Roll:1 Threshold:3
Scout hit
Scout destroyed
Scout3,0 VS Scout3,1 Roll:4 Threshold:3
Scout8,0 VS Scout3,1 Roll:10 Threshold:3
Scout9,0 VS Scout3,1 Roll:8 Threshold:3
Scout10,0 VS Scout3,1 Roll:3 Threshold:3
Scout hit
Scout destroyed
Movement2
(2, 0):['Colony0[0]', 'Shipyard4[0]', 'Shipyard5[0]', 'Shipyard6[0]', 'Shipyard7[0]']
(2, 3):['Scout3[0]', 'Scout8[0]', 'Scout9[0]', 'Scout10[0]', 'Scout11[0]']
(2, 4):['Colony0[1]', 'Shipyard4[1]', 'Shipyard5[1]', 'Shipyard6[1]', 'Shipyard7[1]', 'Scout8[1]', 'Scout9[1]', 'Scout10[1]', 'Scout11[1]']
Combat2
Movement3
(2, 0):['Colony0[0]', 'Shipyard4[0]', 'Shipyard5[0]', 'Shipyard6[0]', 'Shipyard7[0]']
(2, 4):['Colony0[1]', 'Shipyard4[1]', 'Shipyard5[1]', 'Shipyard6[1]', 'Shipyard7[1]', 'Scout3[0]', 'Scout8[0]', 'Scout9[0]', 'Scout10[0]', 'Scout11[0]', 'Scout8[1]', 'Scout9[1]', 'Scout10[1]', 'Scout11[1]']
Combat3
[(4, 1), (5, 1), (6, 1), (7, 1), (3, 0), (8, 0), (9, 0), (10, 0), (11, 0), (8, 1), (9, 1), (10, 1), (11, 1), (0, 1)]
Shipyard4,1 VS Scout3,0 Roll:4 Threshold:3
Shipyard5,1 VS Scout3,0 Roll:5 Threshold:3
Shipyard6,1 VS Scout3,0 Roll:1 Threshold:3
Scout hit
Scout destroyed
Shipyard7,1 VS Scout8,0 Roll:3 Threshold:3
Scout hit
Scout destroyed
Scout9,0 VS Shipyard4,1 Roll:8 Threshold:3
Scout10,0 VS Shipyard4,1 Roll:5 Threshold:3
Scout11,0 VS Shipyard4,1 Roll:8 Threshold:3
Scout8,1 VS Scout9,0 Roll:4 Threshold:3
Scout9,1 VS Scout9,0 Roll:5 Threshold:3
Scout10,1 VS Scout9,0 Roll:9 Threshold:3
Scout11,1 VS Scout9,0 Roll:6 Threshold:3
Shipyard4,1 VS Scout9,0 Roll:4 Threshold:3
Shipyard5,1 VS Scout9,0 Roll:9 Threshold:3
Shipyard6,1 VS Scout9,0 Roll:10 Threshold:3
Shipyard7,1 VS Scout9,0 Roll:4 Threshold:3
Scout9,0 VS Shipyard4,1 Roll:2 Threshold:3
Shipyard hit
Shipyard destroyed
Scout10,0 VS Shipyard5,1 Roll:10 Threshold:3
Scout11,0 VS Shipyard5,1 Roll:9 Threshold:3
Scout8,1 VS Scout9,0 Roll:4 Threshold:3
Scout9,1 VS Scout9,0 Roll:4 Threshold:3
Scout10,1 VS Scout9,0 Roll:5 Threshold:3
Scout11,1 VS Scout9,0 Roll:4 Threshold:3
Shipyard5,1 VS Scout9,0 Roll:2 Threshold:3
Scout hit
Scout destroyed
Shipyard6,1 VS Scout10,0 Roll:10 Threshold:3
Shipyard7,1 VS Scout10,0 Roll:8 Threshold:3
Scout10,0 VS Shipyard5,1 Roll:8 Threshold:3
Scout11,0 VS Shipyard5,1 Roll:7 Threshold:3
Scout8,1 VS Scout10,0 Roll:8 Threshold:3
Scout9,1 VS Scout10,0 Roll:3 Threshold:3
Scout hit
Scout destroyed
Scout10,1 VS Scout11,0 Roll:9 Threshold:3
Scout11,1 VS Scout11,0 Roll:9 Threshold:3
Shipyard5,1 VS Scout11,0 Roll:1 Threshold:3
Scout hit
Scout destroyed
Movement4
(2, 0):['Colony0[0]', 'Shipyard4[0]', 'Shipyard5[0]', 'Shipyard6[0]', 'Shipyard7[0]']
(2, 4):['Colony0[1]', 'Shipyard5[1]', 'Shipyard6[1]', 'Shipyard7[1]', 'Scout8[1]', 'Scout9[1]', 'Scout10[1]', 'Scout11[1]']
Combat4
Movement5
(2, 0):['Colony0[0]', 'Shipyard4[0]', 'Shipyard5[0]', 'Shipyard6[0]', 'Shipyard7[0]']
(2, 4):['Colony0[1]', 'Shipyard5[1]', 'Shipyard6[1]', 'Shipyard7[1]', 'Scout8[1]', 'Scout9[1]', 'Scout10[1]', 'Scout11[1]']
Combat5
Movement6
(2, 0):['Colony0[0]', 'Shipyard4[0]', 'Shipyard5[0]', 'Shipyard6[0]', 'Shipyard7[0]']
(2, 3):['Scout8[1]', 'Scout9[1]', 'Scout10[1]', 'Scout11[1]']
(2, 4):['Colony0[1]', 'Shipyard5[1]', 'Shipyard6[1]', 'Shipyard7[1]']
Combat6
Movement7
(2, 0):['Colony0[0]', 'Shipyard4[0]', 'Shipyard5[0]', 'Shipyard6[0]', 'Shipyard7[0]']
(2, 2):['Scout8[1]', 'Scout9[1]', 'Scout10[1]', 'Scout11[1]']
(2, 4):['Colony0[1]', 'Shipyard5[1]', 'Shipyard6[1]', 'Shipyard7[1]']
Combat7
Movement8
(2, 0):['Colony0[0]', 'Shipyard4[0]', 'Shipyard5[0]', 'Shipyard6[0]', 'Shipyard7[0]']
(3, 2):['Scout8[1]', 'Scout9[1]', 'Scout10[1]', 'Scout11[1]']
(2, 4):['Colony0[1]', 'Shipyard5[1]', 'Shipyard6[1]', 'Shipyard7[1]']
Combat8
Movement9
(2, 0):['Colony0[0]', 'Shipyard4[0]', 'Shipyard5[0]', 'Shipyard6[0]', 'Shipyard7[0]']
(3, 1):['Scout8[1]', 'Scout9[1]', 'Scout10[1]', 'Scout11[1]']
(2, 4):['Colony0[1]', 'Shipyard5[1]', 'Shipyard6[1]', 'Shipyard7[1]']
Combat9
Movement10
(2, 0):['Colony0[0]', 'Shipyard4[0]', 'Shipyard5[0]', 'Shipyard6[0]', 'Shipyard7[0]']
(4, 1):['Scout8[1]', 'Scout9[1]', 'Scout10[1]', 'Scout11[1]']
(2, 4):['Colony0[1]', 'Shipyard5[1]', 'Shipyard6[1]', 'Shipyard7[1]']
Combat10
Movement11
(2, 0):['Colony0[0]', 'Shipyard4[0]', 'Shipyard5[0]', 'Shipyard6[0]', 'Shipyard7[0]']
(4, 0):['Scout8[1]', 'Scout9[1]', 'Scout10[1]', 'Scout11[1]']
(2, 4):['Colony0[1]', 'Shipyard5[1]', 'Shipyard6[1]', 'Shipyard7[1]']
Combat11
Movement12
(2, 0):['Colony0[0]', 'Shipyard4[0]', 'Shipyard5[0]', 'Shipyard6[0]', 'Shipyard7[0]']
(4, 0):['Scout8[1]', 'Scout9[1]', 'Scout10[1]', 'Scout11[1]']
(2, 4):['Colony0[1]', 'Shipyard5[1]', 'Shipyard6[1]', 'Shipyard7[1]']
Combat12
Movement13
(2, 0):['Colony0[0]', 'Shipyard4[0]', 'Shipyard5[0]', 'Shipyard6[0]', 'Shipyard7[0]']
(4, 0):['Scout8[1]', 'Scout9[1]', 'Scout10[1]', 'Scout11[1]']
(2, 4):['Colony0[1]', 'Shipyard5[1]', 'Shipyard6[1]', 'Shipyard7[1]']
Combat13
Movement14
(2, 0):['Colony0[0]', 'Shipyard4[0]', 'Shipyard5[0]', 'Shipyard6[0]', 'Shipyard7[0]']
(4, 0):['Scout8[1]', 'Scout9[1]', 'Scout10[1]', 'Scout11[1]']
(2, 4):['Colony0[1]', 'Shipyard5[1]', 'Shipyard6[1]', 'Shipyard7[1]']
Combat14
Movement15
(2, 0):['Colony0[0]', 'Shipyard4[0]', 'Shipyard5[0]', 'Shipyard6[0]', 'Shipyard7[0]']
(4, 0):['Scout8[1]', 'Scout9[1]', 'Scout10[1]', 'Scout11[1]']
(2, 4):['Colony0[1]', 'Shipyard5[1]', 'Shipyard6[1]', 'Shipyard7[1]']
Combat15
Movement16
(2, 0):['Colony0[0]', 'Shipyard4[0]', 'Shipyard5[0]', 'Shipyard6[0]', 'Shipyard7[0]']
(4, 0):['Scout8[1]', 'Scout9[1]', 'Scout10[1]', 'Scout11[1]']
(2, 4):['Colony0[1]', 'Shipyard5[1]', 'Shipyard6[1]', 'Shipyard7[1]']
Combat16
Movement17
(2, 0):['Colony0[0]', 'Shipyard4[0]', 'Shipyard5[0]', 'Shipyard6[0]', 'Shipyard7[0]']
(4, 0):['Scout8[1]', 'Scout9[1]', 'Scout10[1]', 'Scout11[1]']
(2, 4):['Colony0[1]', 'Shipyard5[1]', 'Shipyard6[1]', 'Shipyard7[1]']
Combat17
Movement18
(2, 0):['Colony0[0]', 'Shipyard4[0]', 'Shipyard5[0]', 'Shipyard6[0]', 'Shipyard7[0]']
(4, 0):['Scout8[1]', 'Scout9[1]', 'Scout10[1]', 'Scout11[1]']
(2, 4):['Colony0[1]', 'Shipyard5[1]', 'Shipyard6[1]', 'Shipyard7[1]']
Combat18
Movement19
(2, 0):['Colony0[0]', 'Shipyard4[0]', 'Shipyard5[0]', 'Shipyard6[0]', 'Shipyard7[0]']
(4, 0):['Scout8[1]', 'Scout9[1]', 'Scout10[1]', 'Scout11[1]']
(2, 4):['Colony0[1]', 'Shipyard5[1]', 'Shipyard6[1]', 'Shipyard7[1]']
Combat19
Movement20
(2, 0):['Colony0[0]', 'Shipyard4[0]', 'Shipyard5[0]', 'Shipyard6[0]', 'Shipyard7[0]']
(4, 0):['Scout8[1]', 'Scout9[1]', 'Scout10[1]', 'Scout11[1]']
(2, 4):['Colony0[1]', 'Shipyard5[1]', 'Shipyard6[1]', 'Shipyard7[1]']
Combat20
Movement21
(2, 0):['Colony0[0]', 'Shipyard4[0]', 'Shipyard5[0]', 'Shipyard6[0]', 'Shipyard7[0]']
(4, 0):['Scout8[1]', 'Scout9[1]', 'Scout10[1]', 'Scout11[1]']
(2, 4):['Colony0[1]', 'Shipyard5[1]', 'Shipyard6[1]', 'Shipyard7[1]']
Combat21
Movement22
(2, 0):['Colony0[0]', 'Shipyard4[0]', 'Shipyard5[0]', 'Shipyard6[0]', 'Shipyard7[0]']
(4, 0):['Scout8[1]', 'Scout9[1]', 'Scout10[1]', 'Scout11[1]']
(2, 4):['Colony0[1]', 'Shipyard5[1]', 'Shipyard6[1]', 'Shipyard7[1]']
Combat22
Movement23
(2, 0):['Colony0[0]', 'Shipyard4[0]', 'Shipyard5[0]', 'Shipyard6[0]', 'Shipyard7[0]']
(4, 0):['Scout8[1]', 'Scout9[1]', 'Scout10[1]', 'Scout11[1]']
(2, 4):['Colony0[1]', 'Shipyard5[1]', 'Shipyard6[1]', 'Shipyard7[1]']
Combat23
Movement24
(2, 0):['Colony0[0]', 'Shipyard4[0]', 'Shipyard5[0]', 'Shipyard6[0]', 'Shipyard7[0]']
(4, 0):['Scout8[1]', 'Scout9[1]', 'Scout10[1]', 'Scout11[1]']
(2, 4):['Colony0[1]', 'Shipyard5[1]', 'Shipyard6[1]', 'Shipyard7[1]']
Combat24
Movement25
(2, 0):['Colony0[0]', 'Shipyard4[0]', 'Shipyard5[0]', 'Shipyard6[0]', 'Shipyard7[0]']
(4, 0):['Scout8[1]', 'Scout9[1]', 'Scout10[1]', 'Scout11[1]']
(2, 4):['Colony0[1]', 'Shipyard5[1]', 'Shipyard6[1]', 'Shipyard7[1]']
Combat25
Movement26
(2, 0):['Colony0[0]', 'Shipyard4[0]', 'Shipyard5[0]', 'Shipyard6[0]', 'Shipyard7[0]']
(4, 0):['Scout8[1]', 'Scout9[1]', 'Scout10[1]', 'Scout11[1]']
(2, 4):['Colony0[1]', 'Shipyard5[1]', 'Shipyard6[1]', 'Shipyard7[1]']
Combat26
Movement27
(2, 0):['Colony0[0]', 'Shipyard4[0]', 'Shipyard5[0]', 'Shipyard6[0]', 'Shipyard7[0]']
(4, 0):['Scout8[1]', 'Scout9[1]', 'Scout10[1]', 'Scout11[1]']
(2, 4):['Colony0[1]', 'Shipyard5[1]', 'Shipyard6[1]', 'Shipyard7[1]']
Combat27
Movement28
(2, 0):['Colony0[0]', 'Shipyard4[0]', 'Shipyard5[0]', 'Shipyard6[0]', 'Shipyard7[0]']
(4, 0):['Scout8[1]', 'Scout9[1]', 'Scout10[1]', 'Scout11[1]']
(2, 4):['Colony0[1]', 'Shipyard5[1]', 'Shipyard6[1]', 'Shipyard7[1]']
Combat28
Movement29
(2, 0):['Colony0[0]', 'Shipyard4[0]', 'Shipyard5[0]', 'Shipyard6[0]', 'Shipyard7[0]']
(4, 0):['Scout8[1]', 'Scout9[1]', 'Scout10[1]', 'Scout11[1]']
(2, 4):['Colony0[1]', 'Shipyard5[1]', 'Shipyard6[1]', 'Shipyard7[1]']
Combat29
Movement30
(2, 0):['Colony0[0]', 'Shipyard4[0]', 'Shipyard5[0]', 'Shipyard6[0]', 'Shipyard7[0]']
(4, 0):['Scout8[1]', 'Scout9[1]', 'Scout10[1]', 'Scout11[1]']
(2, 4):['Colony0[1]', 'Shipyard5[1]', 'Shipyard6[1]', 'Shipyard7[1]']
Combat30
Movement31
(2, 0):['Colony0[0]', 'Shipyard4[0]', 'Shipyard5[0]', 'Shipyard6[0]', 'Shipyard7[0]']
(4, 0):['Scout8[1]', 'Scout9[1]', 'Scout10[1]', 'Scout11[1]']
(2, 4):['Colony0[1]', 'Shipyard5[1]', 'Shipyard6[1]', 'Shipyard7[1]']
Combat31
Movement32
(2, 0):['Colony0[0]', 'Shipyard4[0]', 'Shipyard5[0]', 'Shipyard6[0]', 'Shipyard7[0]']
(4, 0):['Scout8[1]', 'Scout9[1]', 'Scout10[1]', 'Scout11[1]']
(2, 4):['Colony0[1]', 'Shipyard5[1]', 'Shipyard6[1]', 'Shipyard7[1]']
Combat32
Movement33
(2, 0):['Colony0[0]', 'Shipyard4[0]', 'Shipyard5[0]', 'Shipyard6[0]', 'Shipyard7[0]']
(4, 0):['Scout8[1]', 'Scout9[1]', 'Scout10[1]', 'Scout11[1]']
(2, 4):['Colony0[1]', 'Shipyard5[1]', 'Shipyard6[1]', 'Shipyard7[1]']
Combat33
Movement34
(2, 0):['Colony0[0]', 'Shipyard4[0]', 'Shipyard5[0]', 'Shipyard6[0]', 'Shipyard7[0]']
(4, 0):['Scout8[1]', 'Scout9[1]', 'Scout10[1]', 'Scout11[1]']
(2, 4):['Colony0[1]', 'Shipyard5[1]', 'Shipyard6[1]', 'Shipyard7[1]']
Combat34
Movement35
(2, 0):['Colony0[0]', 'Shipyard4[0]', 'Shipyard5[0]', 'Shipyard6[0]', 'Shipyard7[0]']
(4, 0):['Scout8[1]', 'Scout9[1]', 'Scout10[1]', 'Scout11[1]']
(2, 4):['Colony0[1]', 'Shipyard5[1]', 'Shipyard6[1]', 'Shipyard7[1]']
Combat35
Movement36
(2, 0):['Colony0[0]', 'Shipyard4[0]', 'Shipyard5[0]', 'Shipyard6[0]', 'Shipyard7[0]']
(4, 0):['Scout8[1]', 'Scout9[1]', 'Scout10[1]', 'Scout11[1]']
(2, 4):['Colony0[1]', 'Shipyard5[1]', 'Shipyard6[1]', 'Shipyard7[1]']
Combat36
Movement37
(2, 0):['Colony0[0]', 'Shipyard4[0]', 'Shipyard5[0]', 'Shipyard6[0]', 'Shipyard7[0]']
(4, 0):['Scout8[1]', 'Scout9[1]', 'Scout10[1]', 'Scout11[1]']
(2, 4):['Colony0[1]', 'Shipyard5[1]', 'Shipyard6[1]', 'Shipyard7[1]']
Combat37
Movement38
(2, 0):['Colony0[0]', 'Shipyard4[0]', 'Shipyard5[0]', 'Shipyard6[0]', 'Shipyard7[0]']
(4, 0):['Scout8[1]', 'Scout9[1]', 'Scout10[1]', 'Scout11[1]']
(2, 4):['Colony0[1]', 'Shipyard5[1]', 'Shipyard6[1]', 'Shipyard7[1]']
Combat38
Movement39
(2, 0):['Colony0[0]', 'Shipyard4[0]', 'Shipyard5[0]', 'Shipyard6[0]', 'Shipyard7[0]']
(4, 0):['Scout8[1]', 'Scout9[1]', 'Scout10[1]', 'Scout11[1]']
(2, 4):['Colony0[1]', 'Shipyard5[1]', 'Shipyard6[1]', 'Shipyard7[1]']
Combat39
Movement40
(2, 0):['Colony0[0]', 'Shipyard4[0]', 'Shipyard5[0]', 'Shipyard6[0]', 'Shipyard7[0]']
(4, 0):['Scout8[1]', 'Scout9[1]', 'Scout10[1]', 'Scout11[1]']
(2, 4):['Colony0[1]', 'Shipyard5[1]', 'Shipyard6[1]', 'Shipyard7[1]']
Combat40
Movement41
(2, 0):['Colony0[0]', 'Shipyard4[0]', 'Shipyard5[0]', 'Shipyard6[0]', 'Shipyard7[0]']
(4, 0):['Scout8[1]', 'Scout9[1]', 'Scout10[1]', 'Scout11[1]']
(2, 4):['Colony0[1]', 'Shipyard5[1]', 'Shipyard6[1]', 'Shipyard7[1]']
Combat41
Movement42
(2, 0):['Colony0[0]', 'Shipyard4[0]', 'Shipyard5[0]', 'Shipyard6[0]', 'Shipyard7[0]']
(4, 0):['Scout8[1]', 'Scout9[1]', 'Scout10[1]', 'Scout11[1]']
(2, 4):['Colony0[1]', 'Shipyard5[1]', 'Shipyard6[1]', 'Shipyard7[1]']
Combat42
Movement43
(2, 0):['Colony0[0]', 'Shipyard4[0]', 'Shipyard5[0]', 'Shipyard6[0]', 'Shipyard7[0]']
(4, 0):['Scout8[1]', 'Scout9[1]', 'Scout10[1]', 'Scout11[1]']
(2, 4):['Colony0[1]', 'Shipyard5[1]', 'Shipyard6[1]', 'Shipyard7[1]']
Combat43
Movement44
(2, 0):['Colony0[0]', 'Shipyard4[0]', 'Shipyard5[0]', 'Shipyard6[0]', 'Shipyard7[0]']
(4, 0):['Scout8[1]', 'Scout9[1]', 'Scout10[1]', 'Scout11[1]']
(2, 4):['Colony0[1]', 'Shipyard5[1]', 'Shipyard6[1]', 'Shipyard7[1]']
Combat44
Movement45
(2, 0):['Colony0[0]', 'Shipyard4[0]', 'Shipyard5[0]', 'Shipyard6[0]', 'Shipyard7[0]']
(4, 0):['Scout8[1]', 'Scout9[1]', 'Scout10[1]', 'Scout11[1]']
(2, 4):['Colony0[1]', 'Shipyard5[1]', 'Shipyard6[1]', 'Shipyard7[1]']
Combat45
Movement46
(2, 0):['Colony0[0]', 'Shipyard4[0]', 'Shipyard5[0]', 'Shipyard6[0]', 'Shipyard7[0]']
(4, 0):['Scout8[1]', 'Scout9[1]', 'Scout10[1]', 'Scout11[1]']
(2, 4):['Colony0[1]', 'Shipyard5[1]', 'Shipyard6[1]', 'Shipyard7[1]']
Combat46
Movement47
(2, 0):['Colony0[0]', 'Shipyard4[0]', 'Shipyard5[0]', 'Shipyard6[0]', 'Shipyard7[0]']
(4, 0):['Scout8[1]', 'Scout9[1]', 'Scout10[1]', 'Scout11[1]']
(2, 4):['Colony0[1]', 'Shipyard5[1]', 'Shipyard6[1]', 'Shipyard7[1]']
Combat47
Movement48
(2, 0):['Colony0[0]', 'Shipyard4[0]', 'Shipyard5[0]', 'Shipyard6[0]', 'Shipyard7[0]']
(4, 0):['Scout8[1]', 'Scout9[1]', 'Scout10[1]', 'Scout11[1]']
(2, 4):['Colony0[1]', 'Shipyard5[1]', 'Shipyard6[1]', 'Shipyard7[1]']
Combat48
Movement49
(2, 0):['Colony0[0]', 'Shipyard4[0]', 'Shipyard5[0]', 'Shipyard6[0]', 'Shipyard7[0]']
(4, 0):['Scout8[1]', 'Scout9[1]', 'Scout10[1]', 'Scout11[1]']
(2, 4):['Colony0[1]', 'Shipyard5[1]', 'Shipyard6[1]', 'Shipyard7[1]']
Combat49
Movement50
(2, 0):['Colony0[0]', 'Shipyard4[0]', 'Shipyard5[0]', 'Shipyard6[0]', 'Shipyard7[0]']
(4, 0):['Scout8[1]', 'Scout9[1]', 'Scout10[1]', 'Scout11[1]']
(2, 4):['Colony0[1]', 'Shipyard5[1]', 'Shipyard6[1]', 'Shipyard7[1]']
Combat50
Movement51
(2, 0):['Colony0[0]', 'Shipyard4[0]', 'Shipyard5[0]', 'Shipyard6[0]', 'Shipyard7[0]']
(4, 0):['Scout8[1]', 'Scout9[1]', 'Scout10[1]', 'Scout11[1]']
(2, 4):['Colony0[1]', 'Shipyard5[1]', 'Shipyard6[1]', 'Shipyard7[1]']
Combat51
Movement52
(2, 0):['Colony0[0]', 'Shipyard4[0]', 'Shipyard5[0]', 'Shipyard6[0]', 'Shipyard7[0]']
(4, 0):['Scout8[1]', 'Scout9[1]', 'Scout10[1]', 'Scout11[1]']
(2, 4):['Colony0[1]', 'Shipyard5[1]', 'Shipyard6[1]', 'Shipyard7[1]']
Combat52
Movement53
(2, 0):['Colony0[0]', 'Shipyard4[0]', 'Shipyard5[0]', 'Shipyard6[0]', 'Shipyard7[0]']
(4, 0):['Scout8[1]', 'Scout9[1]', 'Scout10[1]', 'Scout11[1]']
(2, 4):['Colony0[1]', 'Shipyard5[1]', 'Shipyard6[1]', 'Shipyard7[1]']
Combat53
Movement54
(2, 0):['Colony0[0]', 'Shipyard4[0]', 'Shipyard5[0]', 'Shipyard6[0]', 'Shipyard7[0]']
(4, 0):['Scout8[1]', 'Scout9[1]', 'Scout10[1]', 'Scout11[1]']
(2, 4):['Colony0[1]', 'Shipyard5[1]', 'Shipyard6[1]', 'Shipyard7[1]']
Combat54
Movement55
(2, 0):['Colony0[0]', 'Shipyard4[0]', 'Shipyard5[0]', 'Shipyard6[0]', 'Shipyard7[0]']
(4, 0):['Scout8[1]', 'Scout9[1]', 'Scout10[1]', 'Scout11[1]']
(2, 4):['Colony0[1]', 'Shipyard5[1]', 'Shipyard6[1]', 'Shipyard7[1]']
Combat55
Movement56
(2, 0):['Colony0[0]', 'Shipyard4[0]', 'Shipyard5[0]', 'Shipyard6[0]', 'Shipyard7[0]']
(4, 0):['Scout8[1]', 'Scout9[1]', 'Scout10[1]', 'Scout11[1]']
(2, 4):['Colony0[1]', 'Shipyard5[1]', 'Shipyard6[1]', 'Shipyard7[1]']
Combat56
Movement57
(2, 0):['Colony0[0]', 'Shipyard4[0]', 'Shipyard5[0]', 'Shipyard6[0]', 'Shipyard7[0]']
(4, 0):['Scout8[1]', 'Scout9[1]', 'Scout10[1]', 'Scout11[1]']
(2, 4):['Colony0[1]', 'Shipyard5[1]', 'Shipyard6[1]', 'Shipyard7[1]']
Combat57
Movement58
(2, 0):['Colony0[0]', 'Shipyard4[0]', 'Shipyard5[0]', 'Shipyard6[0]', 'Shipyard7[0]']
(4, 0):['Scout8[1]', 'Scout9[1]', 'Scout10[1]', 'Scout11[1]']
(2, 4):['Colony0[1]', 'Shipyard5[1]', 'Shipyard6[1]', 'Shipyard7[1]']
Combat58
Movement59
(2, 0):['Colony0[0]', 'Shipyard4[0]', 'Shipyard5[0]', 'Shipyard6[0]', 'Shipyard7[0]']
(4, 0):['Scout8[1]', 'Scout9[1]', 'Scout10[1]', 'Scout11[1]']
(2, 4):['Colony0[1]', 'Shipyard5[1]', 'Shipyard6[1]', 'Shipyard7[1]']
Combat59
Movement60
(2, 0):['Colony0[0]', 'Shipyard4[0]', 'Shipyard5[0]', 'Shipyard6[0]', 'Shipyard7[0]']
(4, 0):['Scout8[1]', 'Scout9[1]', 'Scout10[1]', 'Scout11[1]']
(2, 4):['Colony0[1]', 'Shipyard5[1]', 'Shipyard6[1]', 'Shipyard7[1]']
Combat60
Movement61
(2, 0):['Colony0[0]', 'Shipyard4[0]', 'Shipyard5[0]', 'Shipyard6[0]', 'Shipyard7[0]']
(4, 0):['Scout8[1]', 'Scout9[1]', 'Scout10[1]', 'Scout11[1]']
(2, 4):['Colony0[1]', 'Shipyard5[1]', 'Shipyard6[1]', 'Shipyard7[1]']
Combat61
Movement62
(2, 0):['Colony0[0]', 'Shipyard4[0]', 'Shipyard5[0]', 'Shipyard6[0]', 'Shipyard7[0]']
(4, 0):['Scout8[1]', 'Scout9[1]', 'Scout10[1]', 'Scout11[1]']
(2, 4):['Colony0[1]', 'Shipyard5[1]', 'Shipyard6[1]', 'Shipyard7[1]']
Combat62
Movement63
(2, 0):['Colony0[0]', 'Shipyard4[0]', 'Shipyard5[0]', 'Shipyard6[0]', 'Shipyard7[0]']
(4, 0):['Scout8[1]', 'Scout9[1]', 'Scout10[1]', 'Scout11[1]']
(2, 4):['Colony0[1]', 'Shipyard5[1]', 'Shipyard6[1]', 'Shipyard7[1]']
Combat63
Movement64
(2, 0):['Colony0[0]', 'Shipyard4[0]', 'Shipyard5[0]', 'Shipyard6[0]', 'Shipyard7[0]']
(4, 0):['Scout8[1]', 'Scout9[1]', 'Scout10[1]', 'Scout11[1]']
(2, 4):['Colony0[1]', 'Shipyard5[1]', 'Shipyard6[1]', 'Shipyard7[1]']
Combat64
Movement65
(2, 0):['Colony0[0]', 'Shipyard4[0]', 'Shipyard5[0]', 'Shipyard6[0]', 'Shipyard7[0]']
(4, 0):['Scout8[1]', 'Scout9[1]', 'Scout10[1]', 'Scout11[1]']
(2, 4):['Colony0[1]', 'Shipyard5[1]', 'Shipyard6[1]', 'Shipyard7[1]']
Combat65
Movement66
(2, 0):['Colony0[0]', 'Shipyard4[0]', 'Shipyard5[0]', 'Shipyard6[0]', 'Shipyard7[0]']
(4, 0):['Scout8[1]', 'Scout9[1]', 'Scout10[1]', 'Scout11[1]']
(2, 4):['Colony0[1]', 'Shipyard5[1]', 'Shipyard6[1]', 'Shipyard7[1]']
Combat66
Movement67
(2, 0):['Colony0[0]', 'Shipyard4[0]', 'Shipyard5[0]', 'Shipyard6[0]', 'Shipyard7[0]']
(4, 0):['Scout8[1]', 'Scout9[1]', 'Scout10[1]', 'Scout11[1]']
(2, 4):['Colony0[1]', 'Shipyard5[1]', 'Shipyard6[1]', 'Shipyard7[1]']
Combat67
Movement68
(2, 0):['Colony0[0]', 'Shipyard4[0]', 'Shipyard5[0]', 'Shipyard6[0]', 'Shipyard7[0]']
(4, 0):['Scout8[1]', 'Scout9[1]', 'Scout10[1]', 'Scout11[1]']
(2, 4):['Colony0[1]', 'Shipyard5[1]', 'Shipyard6[1]', 'Shipyard7[1]']
Combat68
Movement69
(2, 0):['Colony0[0]', 'Shipyard4[0]', 'Shipyard5[0]', 'Shipyard6[0]', 'Shipyard7[0]']
(4, 0):['Scout8[1]', 'Scout9[1]', 'Scout10[1]', 'Scout11[1]']
(2, 4):['Colony0[1]', 'Shipyard5[1]', 'Shipyard6[1]', 'Shipyard7[1]']
Combat69
Movement70
(2, 0):['Colony0[0]', 'Shipyard4[0]', 'Shipyard5[0]', 'Shipyard6[0]', 'Shipyard7[0]']
(4, 0):['Scout8[1]', 'Scout9[1]', 'Scout10[1]', 'Scout11[1]']
(2, 4):['Colony0[1]', 'Shipyard5[1]', 'Shipyard6[1]', 'Shipyard7[1]']
Combat70
Movement71
(2, 0):['Colony0[0]', 'Shipyard4[0]', 'Shipyard5[0]', 'Shipyard6[0]', 'Shipyard7[0]']
(4, 0):['Scout8[1]', 'Scout9[1]', 'Scout10[1]', 'Scout11[1]']
(2, 4):['Colony0[1]', 'Shipyard5[1]', 'Shipyard6[1]', 'Shipyard7[1]']
Combat71
Movement72
(2, 0):['Colony0[0]', 'Shipyard4[0]', 'Shipyard5[0]', 'Shipyard6[0]', 'Shipyard7[0]']
(4, 0):['Scout8[1]', 'Scout9[1]', 'Scout10[1]', 'Scout11[1]']
(2, 4):['Colony0[1]', 'Shipyard5[1]', 'Shipyard6[1]', 'Shipyard7[1]']
Combat72
Movement73
(2, 0):['Colony0[0]', 'Shipyard4[0]', 'Shipyard5[0]', 'Shipyard6[0]', 'Shipyard7[0]']
(4, 0):['Scout8[1]', 'Scout9[1]', 'Scout10[1]', 'Scout11[1]']
(2, 4):['Colony0[1]', 'Shipyard5[1]', 'Shipyard6[1]', 'Shipyard7[1]']
Combat73
Movement74
(2, 0):['Colony0[0]', 'Shipyard4[0]', 'Shipyard5[0]', 'Shipyard6[0]', 'Shipyard7[0]']
(4, 0):['Scout8[1]', 'Scout9[1]', 'Scout10[1]', 'Scout11[1]']
(2, 4):['Colony0[1]', 'Shipyard5[1]', 'Shipyard6[1]', 'Shipyard7[1]']
Combat74
Movement75
(2, 0):['Colony0[0]', 'Shipyard4[0]', 'Shipyard5[0]', 'Shipyard6[0]', 'Shipyard7[0]']
(4, 0):['Scout8[1]', 'Scout9[1]', 'Scout10[1]', 'Scout11[1]']
(2, 4):['Colony0[1]', 'Shipyard5[1]', 'Shipyard6[1]', 'Shipyard7[1]']
Combat75
Movement76
(2, 0):['Colony0[0]', 'Shipyard4[0]', 'Shipyard5[0]', 'Shipyard6[0]', 'Shipyard7[0]']
(4, 0):['Scout8[1]', 'Scout9[1]', 'Scout10[1]', 'Scout11[1]']
(2, 4):['Colony0[1]', 'Shipyard5[1]', 'Shipyard6[1]', 'Shipyard7[1]']
Combat76
Movement77
(2, 0):['Colony0[0]', 'Shipyard4[0]', 'Shipyard5[0]', 'Shipyard6[0]', 'Shipyard7[0]']
(4, 0):['Scout8[1]', 'Scout9[1]', 'Scout10[1]', 'Scout11[1]']
(2, 4):['Colony0[1]', 'Shipyard5[1]', 'Shipyard6[1]', 'Shipyard7[1]']
Combat77
Movement78
(2, 0):['Colony0[0]', 'Shipyard4[0]', 'Shipyard5[0]', 'Shipyard6[0]', 'Shipyard7[0]']
(4, 0):['Scout8[1]', 'Scout9[1]', 'Scout10[1]', 'Scout11[1]']
(2, 4):['Colony0[1]', 'Shipyard5[1]', 'Shipyard6[1]', 'Shipyard7[1]']
Combat78
Movement79
(2, 0):['Colony0[0]', 'Shipyard4[0]', 'Shipyard5[0]', 'Shipyard6[0]', 'Shipyard7[0]']
(4, 0):['Scout8[1]', 'Scout9[1]', 'Scout10[1]', 'Scout11[1]']
(2, 4):['Colony0[1]', 'Shipyard5[1]', 'Shipyard6[1]', 'Shipyard7[1]']
Combat79
Movement80
(2, 0):['Colony0[0]', 'Shipyard4[0]', 'Shipyard5[0]', 'Shipyard6[0]', 'Shipyard7[0]']
(4, 0):['Scout8[1]', 'Scout9[1]', 'Scout10[1]', 'Scout11[1]']
(2, 4):['Colony0[1]', 'Shipyard5[1]', 'Shipyard6[1]', 'Shipyard7[1]']
Combat80
Movement81
(2, 0):['Colony0[0]', 'Shipyard4[0]', 'Shipyard5[0]', 'Shipyard6[0]', 'Shipyard7[0]']
(4, 0):['Scout8[1]', 'Scout9[1]', 'Scout10[1]', 'Scout11[1]']
(2, 4):['Colony0[1]', 'Shipyard5[1]', 'Shipyard6[1]', 'Shipyard7[1]']
Combat81
Movement82
(2, 0):['Colony0[0]', 'Shipyard4[0]', 'Shipyard5[0]', 'Shipyard6[0]', 'Shipyard7[0]']
(4, 0):['Scout8[1]', 'Scout9[1]', 'Scout10[1]', 'Scout11[1]']
(2, 4):['Colony0[1]', 'Shipyard5[1]', 'Shipyard6[1]', 'Shipyard7[1]']
Combat82
Movement83
(2, 0):['Colony0[0]', 'Shipyard4[0]', 'Shipyard5[0]', 'Shipyard6[0]', 'Shipyard7[0]']
(4, 0):['Scout8[1]', 'Scout9[1]', 'Scout10[1]', 'Scout11[1]']
(2, 4):['Colony0[1]', 'Shipyard5[1]', 'Shipyard6[1]', 'Shipyard7[1]']
Combat83
Movement84
(2, 0):['Colony0[0]', 'Shipyard4[0]', 'Shipyard5[0]', 'Shipyard6[0]', 'Shipyard7[0]']
(4, 0):['Scout8[1]', 'Scout9[1]', 'Scout10[1]', 'Scout11[1]']
(2, 4):['Colony0[1]', 'Shipyard5[1]', 'Shipyard6[1]', 'Shipyard7[1]']
Combat84
Movement85
(2, 0):['Colony0[0]', 'Shipyard4[0]', 'Shipyard5[0]', 'Shipyard6[0]', 'Shipyard7[0]']
(4, 0):['Scout8[1]', 'Scout9[1]', 'Scout10[1]', 'Scout11[1]']
(2, 4):['Colony0[1]', 'Shipyard5[1]', 'Shipyard6[1]', 'Shipyard7[1]']
Combat85
Movement86
(2, 0):['Colony0[0]', 'Shipyard4[0]', 'Shipyard5[0]', 'Shipyard6[0]', 'Shipyard7[0]']
(4, 0):['Scout8[1]', 'Scout9[1]', 'Scout10[1]', 'Scout11[1]']
(2, 4):['Colony0[1]', 'Shipyard5[1]', 'Shipyard6[1]', 'Shipyard7[1]']
Combat86
Movement87
(2, 0):['Colony0[0]', 'Shipyard4[0]', 'Shipyard5[0]', 'Shipyard6[0]', 'Shipyard7[0]']
(4, 0):['Scout8[1]', 'Scout9[1]', 'Scout10[1]', 'Scout11[1]']
(2, 4):['Colony0[1]', 'Shipyard5[1]', 'Shipyard6[1]', 'Shipyard7[1]']
Combat87
Movement88
(2, 0):['Colony0[0]', 'Shipyard4[0]', 'Shipyard5[0]', 'Shipyard6[0]', 'Shipyard7[0]']
(4, 0):['Scout8[1]', 'Scout9[1]', 'Scout10[1]', 'Scout11[1]']
(2, 4):['Colony0[1]', 'Shipyard5[1]', 'Shipyard6[1]', 'Shipyard7[1]']
Combat88
Movement89
(2, 0):['Colony0[0]', 'Shipyard4[0]', 'Shipyard5[0]', 'Shipyard6[0]', 'Shipyard7[0]']
(4, 0):['Scout8[1]', 'Scout9[1]', 'Scout10[1]', 'Scout11[1]']
(2, 4):['Colony0[1]', 'Shipyard5[1]', 'Shipyard6[1]', 'Shipyard7[1]']
Combat89
Movement90
(2, 0):['Colony0[0]', 'Shipyard4[0]', 'Shipyard5[0]', 'Shipyard6[0]', 'Shipyard7[0]']
(4, 0):['Scout8[1]', 'Scout9[1]', 'Scout10[1]', 'Scout11[1]']
(2, 4):['Colony0[1]', 'Shipyard5[1]', 'Shipyard6[1]', 'Shipyard7[1]']
Combat90
Movement91
(2, 0):['Colony0[0]', 'Shipyard4[0]', 'Shipyard5[0]', 'Shipyard6[0]', 'Shipyard7[0]']
(4, 0):['Scout8[1]', 'Scout9[1]', 'Scout10[1]', 'Scout11[1]']
(2, 4):['Colony0[1]', 'Shipyard5[1]', 'Shipyard6[1]', 'Shipyard7[1]']
Combat91
Movement92
(2, 0):['Colony0[0]', 'Shipyard4[0]', 'Shipyard5[0]', 'Shipyard6[0]', 'Shipyard7[0]']
(4, 0):['Scout8[1]', 'Scout9[1]', 'Scout10[1]', 'Scout11[1]']
(2, 4):['Colony0[1]', 'Shipyard5[1]', 'Shipyard6[1]', 'Shipyard7[1]']
Combat92
Movement93
(2, 0):['Colony0[0]', 'Shipyard4[0]', 'Shipyard5[0]', 'Shipyard6[0]', 'Shipyard7[0]']
(4, 0):['Scout8[1]', 'Scout9[1]', 'Scout10[1]', 'Scout11[1]']
(2, 4):['Colony0[1]', 'Shipyard5[1]', 'Shipyard6[1]', 'Shipyard7[1]']
Combat93
Movement94
(2, 0):['Colony0[0]', 'Shipyard4[0]', 'Shipyard5[0]', 'Shipyard6[0]', 'Shipyard7[0]']
(4, 0):['Scout8[1]', 'Scout9[1]', 'Scout10[1]', 'Scout11[1]']
(2, 4):['Colony0[1]', 'Shipyard5[1]', 'Shipyard6[1]', 'Shipyard7[1]']
Combat94
Movement95
(2, 0):['Colony0[0]', 'Shipyard4[0]', 'Shipyard5[0]', 'Shipyard6[0]', 'Shipyard7[0]']
(4, 0):['Scout8[1]', 'Scout9[1]', 'Scout10[1]', 'Scout11[1]']
(2, 4):['Colony0[1]', 'Shipyard5[1]', 'Shipyard6[1]', 'Shipyard7[1]']
Combat95
Movement96
(2, 0):['Colony0[0]', 'Shipyard4[0]', 'Shipyard5[0]', 'Shipyard6[0]', 'Shipyard7[0]']
(4, 0):['Scout8[1]', 'Scout9[1]', 'Scout10[1]', 'Scout11[1]']
(2, 4):['Colony0[1]', 'Shipyard5[1]', 'Shipyard6[1]', 'Shipyard7[1]']
Combat96
Movement97
(2, 0):['Colony0[0]', 'Shipyard4[0]', 'Shipyard5[0]', 'Shipyard6[0]', 'Shipyard7[0]']
(4, 0):['Scout8[1]', 'Scout9[1]', 'Scout10[1]', 'Scout11[1]']
(2, 4):['Colony0[1]', 'Shipyard5[1]', 'Shipyard6[1]', 'Shipyard7[1]']
Combat97
Movement98
(2, 0):['Colony0[0]', 'Shipyard4[0]', 'Shipyard5[0]', 'Shipyard6[0]', 'Shipyard7[0]']
(4, 0):['Scout8[1]', 'Scout9[1]', 'Scout10[1]', 'Scout11[1]']
(2, 4):['Colony0[1]', 'Shipyard5[1]', 'Shipyard6[1]', 'Shipyard7[1]']
Combat98
Movement99
(2, 0):['Colony0[0]', 'Shipyard4[0]', 'Shipyard5[0]', 'Shipyard6[0]', 'Shipyard7[0]']
(4, 0):['Scout8[1]', 'Scout9[1]', 'Scout10[1]', 'Scout11[1]']
(2, 4):['Colony0[1]', 'Shipyard5[1]', 'Shipyard6[1]', 'Shipyard7[1]']
Combat99
Movement100
(2, 0):['Colony0[0]', 'Shipyard4[0]', 'Shipyard5[0]', 'Shipyard6[0]', 'Shipyard7[0]']
(4, 0):['Scout8[1]', 'Scout9[1]', 'Scout10[1]', 'Scout11[1]']
(2, 4):['Colony0[1]', 'Shipyard5[1]', 'Shipyard6[1]', 'Shipyard7[1]']
Combat100
Winner: 3
